<?xml version="1.0" encoding="UTF-8"?>
<testng-results ignored="0" total="4" passed="4" failed="0" skipped="0">
  <reporter-output>
  </reporter-output>
  <suite started-at="2024-08-05T11:40:23 IST" name="Suite" finished-at="2024-08-05T11:40:47 IST" duration-ms="24874">
    <groups>
      <group name="regression">
        <method signature="TC_002_LoginValidationTest.loginValidation()[pri:0, instance:testCases.TC_002_LoginValidationTest@2cab9998]" name="loginValidation" class="testCases.TC_002_LoginValidationTest"/>
        <method signature="TC_002_LoginValidationTest.loginValidation()[pri:0, instance:testCases.TC_002_LoginValidationTest@644c78d4]" name="loginValidation" class="testCases.TC_002_LoginValidationTest"/>
      </group> <!-- regression -->
      <group name="sanity">
        <method signature="TC_001_AccountRegistrationTest.verify_account_registration()[pri:0, instance:testCases.TC_001_AccountRegistrationTest@71c5b236]" name="verify_account_registration" class="testCases.TC_001_AccountRegistrationTest"/>
        <method signature="TC_001_AccountRegistrationTest.verify_account_registration()[pri:0, instance:testCases.TC_001_AccountRegistrationTest@74bdc168]" name="verify_account_registration" class="testCases.TC_001_AccountRegistrationTest"/>
      </group> <!-- sanity -->
      <group name="master">
        <method signature="TC_001_AccountRegistrationTest.verify_account_registration()[pri:0, instance:testCases.TC_001_AccountRegistrationTest@71c5b236]" name="verify_account_registration" class="testCases.TC_001_AccountRegistrationTest"/>
        <method signature="TC_002_LoginValidationTest.loginValidation()[pri:0, instance:testCases.TC_002_LoginValidationTest@2cab9998]" name="loginValidation" class="testCases.TC_002_LoginValidationTest"/>
        <method signature="TC_001_AccountRegistrationTest.verify_account_registration()[pri:0, instance:testCases.TC_001_AccountRegistrationTest@74bdc168]" name="verify_account_registration" class="testCases.TC_001_AccountRegistrationTest"/>
        <method signature="TC_002_LoginValidationTest.loginValidation()[pri:0, instance:testCases.TC_002_LoginValidationTest@644c78d4]" name="loginValidation" class="testCases.TC_002_LoginValidationTest"/>
      </group> <!-- master -->
    </groups>
    <test started-at="2024-08-05T11:40:23 IST" name="ChromeTest" finished-at="2024-08-05T11:40:39 IST" duration-ms="16220">
      <class name="testCases.TC_001_AccountRegistrationTest">
        <test-method is-config="true" signature="setup(java.lang.String,java.lang.String)[pri:0, instance:testCases.TC_001_AccountRegistrationTest@71c5b236]" started-at="2024-08-05T11:40:23 IST" name="setup" finished-at="2024-08-05T11:40:30 IST" duration-ms="6917" status="PASS">
          <params>
            <param index="0">
              <value>
                <![CDATA[linux]]>
              </value>
            </param>
            <param index="1">
              <value>
                <![CDATA[chrome]]>
              </value>
            </param>
          </params>
          <reporter-output>
          </reporter-output>
        </test-method> <!-- setup -->
        <test-method signature="verify_account_registration()[pri:0, instance:testCases.TC_001_AccountRegistrationTest@71c5b236]" started-at="2024-08-05T11:40:30 IST" name="verify_account_registration" finished-at="2024-08-05T11:40:33 IST" duration-ms="3018" status="PASS">
          <reporter-output>
          </reporter-output>
        </test-method> <!-- verify_account_registration -->
        <test-method is-config="true" signature="tearDown()[pri:0, instance:testCases.TC_001_AccountRegistrationTest@71c5b236]" started-at="2024-08-05T11:40:33 IST" name="tearDown" finished-at="2024-08-05T11:40:33 IST" duration-ms="80" status="PASS">
          <reporter-output>
          </reporter-output>
        </test-method> <!-- tearDown -->
      </class> <!-- testCases.TC_001_AccountRegistrationTest -->
      <class name="testCases.TC_002_LoginValidationTest">
        <test-method is-config="true" signature="setup(java.lang.String,java.lang.String)[pri:0, instance:testCases.TC_002_LoginValidationTest@2cab9998]" started-at="2024-08-05T11:40:33 IST" name="setup" finished-at="2024-08-05T11:40:37 IST" duration-ms="4117" status="PASS">
          <params>
            <param index="0">
              <value>
                <![CDATA[linux]]>
              </value>
            </param>
            <param index="1">
              <value>
                <![CDATA[chrome]]>
              </value>
            </param>
          </params>
          <reporter-output>
          </reporter-output>
        </test-method> <!-- setup -->
        <test-method signature="loginValidation()[pri:0, instance:testCases.TC_002_LoginValidationTest@2cab9998]" started-at="2024-08-05T11:40:37 IST" name="loginValidation" finished-at="2024-08-05T11:40:39 IST" duration-ms="1751" status="PASS">
          <reporter-output>
          </reporter-output>
        </test-method> <!-- loginValidation -->
        <test-method is-config="true" signature="tearDown()[pri:0, instance:testCases.TC_002_LoginValidationTest@2cab9998]" started-at="2024-08-05T11:40:39 IST" name="tearDown" finished-at="2024-08-05T11:40:39 IST" duration-ms="130" status="PASS">
          <reporter-output>
          </reporter-output>
        </test-method> <!-- tearDown -->
      </class> <!-- testCases.TC_002_LoginValidationTest -->
    </test> <!-- ChromeTest -->
    <test started-at="2024-08-05T11:40:23 IST" name="FireFoxTest" finished-at="2024-08-05T11:40:47 IST" duration-ms="24874">
      <class name="testCases.TC_001_AccountRegistrationTest">
        <test-method is-config="true" signature="setup(java.lang.String,java.lang.String)[pri:0, instance:testCases.TC_001_AccountRegistrationTest@74bdc168]" started-at="2024-08-05T11:40:23 IST" name="setup" finished-at="2024-08-05T11:40:34 IST" duration-ms="11502" status="PASS">
          <params>
            <param index="0">
              <value>
                <![CDATA[linux]]>
              </value>
            </param>
            <param index="1">
              <value>
                <![CDATA[firefox]]>
              </value>
            </param>
          </params>
          <reporter-output>
          </reporter-output>
        </test-method> <!-- setup -->
        <test-method signature="verify_account_registration()[pri:0, instance:testCases.TC_001_AccountRegistrationTest@74bdc168]" started-at="2024-08-05T11:40:34 IST" name="verify_account_registration" finished-at="2024-08-05T11:40:37 IST" duration-ms="3115" status="PASS">
          <reporter-output>
          </reporter-output>
        </test-method> <!-- verify_account_registration -->
        <test-method is-config="true" signature="tearDown()[pri:0, instance:testCases.TC_001_AccountRegistrationTest@74bdc168]" started-at="2024-08-05T11:40:37 IST" name="tearDown" finished-at="2024-08-05T11:40:38 IST" duration-ms="783" status="PASS">
          <reporter-output>
          </reporter-output>
        </test-method> <!-- tearDown -->
      </class> <!-- testCases.TC_001_AccountRegistrationTest -->
      <class name="testCases.TC_002_LoginValidationTest">
        <test-method is-config="true" signature="setup(java.lang.String,java.lang.String)[pri:0, instance:testCases.TC_002_LoginValidationTest@644c78d4]" started-at="2024-08-05T11:40:38 IST" name="setup" finished-at="2024-08-05T11:40:44 IST" duration-ms="5891" status="PASS">
          <params>
            <param index="0">
              <value>
                <![CDATA[linux]]>
              </value>
            </param>
            <param index="1">
              <value>
                <![CDATA[firefox]]>
              </value>
            </param>
          </params>
          <reporter-output>
          </reporter-output>
        </test-method> <!-- setup -->
        <test-method signature="loginValidation()[pri:0, instance:testCases.TC_002_LoginValidationTest@644c78d4]" started-at="2024-08-05T11:40:44 IST" name="loginValidation" finished-at="2024-08-05T11:40:46 IST" duration-ms="2175" status="PASS">
          <reporter-output>
          </reporter-output>
        </test-method> <!-- loginValidation -->
        <test-method is-config="true" signature="tearDown()[pri:0, instance:testCases.TC_002_LoginValidationTest@644c78d4]" started-at="2024-08-05T11:40:46 IST" name="tearDown" finished-at="2024-08-05T11:40:47 IST" duration-ms="1221" status="PASS">
          <reporter-output>
          </reporter-output>
        </test-method> <!-- tearDown -->
      </class> <!-- testCases.TC_002_LoginValidationTest -->
    </test> <!-- FireFoxTest -->
  </suite> <!-- Suite -->
</testng-results>
